<?xml version="1.0" encoding="UTF-8"?>
<!-- Generated by org.testng.reporters.JUnitReportReporter -->
<testsuite hostname="DESKTOP-9S2K46P" failures="0" tests="1" name="Test.VerifyUserCanLogin" time="8.395" errors="0" timestamp="2023-10-17T19:31:29 IST" skipped="0">
  <testcase classname="Test.VerifyUserCanLogin" name="VerifyUserCanLogin" time="8.395"/>
  <system-out/>
</testsuite> <!-- Test.VerifyUserCanLogin -->
