<?xml version="1.0" encoding="UTF-8"?>
<!-- Generated by org.testng.reporters.JUnitReportReporter -->
<testsuite hostname="DESKTOP-9S2K46P" failures="0" tests="1" name="Test.VerifyUserCanLogin" time="7.467" errors="0" timestamp="2023-10-09T01:57:42 IST" skipped="0">
  <testcase classname="Test.VerifyUserCanLogin" name="VerifyUserCanLogin" time="7.467"/>
  <system-out/>
</testsuite> <!-- Test.VerifyUserCanLogin -->
