<?xml version="1.0" encoding="UTF-8"?>
<!-- Generated by org.testng.reporters.JUnitReportReporter -->
<testsuite hostname="DESKTOP-9S2K46P" failures="0" tests="1" name="Test.VerifyUserCanLogin" time="108.919" errors="0" timestamp="2023-11-30T00:46:39 IST" skipped="0">
  <testcase classname="Test.VerifyUserCanLogin" name="VerifyUserCanLogin" time="108.919"/>
  <system-out/>
</testsuite> <!-- Test.VerifyUserCanLogin -->
