<?xml version="1.0" encoding="UTF-8"?>
<!-- Generated by org.testng.reporters.JUnitReportReporter -->
<testsuite hostname="DESKTOP-9S2K46P" failures="0" tests="2" name="crossbrowserTesting.forCrossBrowser" time="10.439" errors="0" timestamp="2023-10-18T00:22:35 IST" skipped="0">
  <testcase classname="crossbrowserTesting.forCrossBrowser" name="login" time="4.555"/>
  <system-out>
    <![CDATA[pass login method]]>
  </system-out>
  <testcase classname="crossbrowserTesting.forCrossBrowser" name="login" time="5.884"/>
  <system-out>
    <![CDATA[pass login method]]>
  </system-out>
</testsuite> <!-- crossbrowserTesting.forCrossBrowser -->
